app/build/intermediates/manifest_merge_blame_file/debug/manifest-merger-blame-debug-report.txt
1<?xml version="1.0" encoding="utf-8"?>
2<manifest xmlns:android="http://schemas.android.com/apk/res/android"
3    package="com.example.forkchat"
4    android:versionCode="1"
5    android:versionName="1.0" >
6
7    <uses-sdk
8        android:minSdkVersion="21"
9        android:targetSdkVersion="34" />
10
11    <permission
11-->[androidx.core:core:1.13.1] AndroidManifest.xml:22:5-24:47
12        android:name="com.example.forkchat.DYNAMIC_RECEIVER_NOT_EXPORTED_PERMISSION"
12-->[androidx.core:core:1.13.1] AndroidManifest.xml:23:9-81
13        android:protectionLevel="signature" />
13-->[androidx.core:core:1.13.1] AndroidManifest.xml:24:9-44
14
15    <uses-permission android:name="com.example.forkchat.DYNAMIC_RECEIVER_NOT_EXPORTED_PERMISSION" />
15-->[androidx.core:core:1.13.1] AndroidManifest.xml:26:5-97
15-->[androidx.core:core:1.13.1] AndroidManifest.xml:26:22-94
16
17    <application
17-->src\main\AndroidManifest.xml:5:5-70:19
18        android:allowBackup="true"
18-->src\main\AndroidManifest.xml:6:9-35
19        android:appComponentFactory="androidx.core.app.CoreComponentFactory"
19-->[androidx.core:core:1.13.1] AndroidManifest.xml:28:18-86
20        android:dataExtractionRules="@xml/data_extraction_rules"
20-->src\main\AndroidManifest.xml:7:9-65
21        android:debuggable="true"
22        android:extractNativeLibs="true"
23        android:fullBackupContent="@xml/backup_rules"
23-->src\main\AndroidManifest.xml:8:9-54
24        android:icon="@mipmap/ic_launcher"
24-->src\main\AndroidManifest.xml:9:9-43
25        android:label="@string/app_name"
25-->src\main\AndroidManifest.xml:10:9-41
26        android:theme="@style/Theme.ForkChat" >
26-->src\main\AndroidManifest.xml:11:9-46
27
28        <!-- 主Activity -->
29        <activity
29-->src\main\AndroidManifest.xml:15:9-24:20
30            android:name="com.example.forkchat.MainActivity"
30-->src\main\AndroidManifest.xml:16:13-41
31            android:exported="true"
31-->src\main\AndroidManifest.xml:17:13-36
32            android:label="@string/app_name" >
32-->src\main\AndroidManifest.xml:18:13-45
33            <intent-filter>
33-->src\main\AndroidManifest.xml:19:13-23:29
34                <action android:name="android.intent.action.MAIN" />
34-->src\main\AndroidManifest.xml:20:17-69
34-->src\main\AndroidManifest.xml:20:25-66
35
36                <category android:name="android.intent.category.LAUNCHER" />
36-->src\main\AndroidManifest.xml:22:17-77
36-->src\main\AndroidManifest.xml:22:27-74
37            </intent-filter>
38        </activity>
39        <activity
39-->src\main\AndroidManifest.xml:26:9-29:35
40            android:name="com.example.forkchat.PostDetailActivity"
40-->src\main\AndroidManifest.xml:27:13-47
41            android:exported="false"
41-->src\main\AndroidManifest.xml:28:13-37
42            android:label="帖子详情" />
42-->src\main\AndroidManifest.xml:29:13-33
43        <activity
43-->src\main\AndroidManifest.xml:31:9-34:35
44            android:name="com.example.forkchat.CreatePostActivity"
44-->src\main\AndroidManifest.xml:32:13-47
45            android:exported="false"
45-->src\main\AndroidManifest.xml:33:13-37
46            android:label="发布帖子" />
46-->src\main\AndroidManifest.xml:34:13-33
47        <activity
47-->src\main\AndroidManifest.xml:36:9-39:35
48            android:name="com.example.forkchat.EditPostActivity"
48-->src\main\AndroidManifest.xml:37:13-45
49            android:exported="false"
49-->src\main\AndroidManifest.xml:38:13-37
50            android:label="编辑帖子" />
50-->src\main\AndroidManifest.xml:39:13-33
51
52        <!-- 用户资料Activity -->
53        <activity
53-->src\main\AndroidManifest.xml:42:9-45:40
54            android:name="com.example.forkchat.activity.UserProfileActivity"
54-->src\main\AndroidManifest.xml:43:13-57
55            android:exported="false"
55-->src\main\AndroidManifest.xml:45:13-37
56            android:label="个人中心" />
56-->src\main\AndroidManifest.xml:44:13-33
57
58        <!-- 编辑资料Activity -->
59        <activity
59-->src\main\AndroidManifest.xml:48:9-51:40
60            android:name="com.example.forkchat.activity.EditProfileActivity"
60-->src\main\AndroidManifest.xml:49:13-57
61            android:exported="false"
61-->src\main\AndroidManifest.xml:51:13-37
62            android:label="编辑资料" />
62-->src\main\AndroidManifest.xml:50:13-33
63
64        <!-- 修改密码Activity -->
65        <activity
65-->src\main\AndroidManifest.xml:54:9-57:40
66            android:name="com.example.forkchat.activity.ChangePasswordActivity"
66-->src\main\AndroidManifest.xml:55:13-60
67            android:exported="false"
67-->src\main\AndroidManifest.xml:57:13-37
68            android:label="修改密码" />
68-->src\main\AndroidManifest.xml:56:13-33
69        <!-- 登录 Activity -->
70        <activity
70-->src\main\AndroidManifest.xml:59:9-62:40
71            android:name="com.example.forkchat.activity.LoginActivity"
71-->src\main\AndroidManifest.xml:60:13-51
72            android:exported="false"
72-->src\main\AndroidManifest.xml:62:13-37
73            android:label="登录" />
73-->src\main\AndroidManifest.xml:61:13-31
74
75        <!-- 注册 Activity -->
76        <activity
76-->src\main\AndroidManifest.xml:65:9-68:40
77            android:name="com.example.forkchat.activity.RegisterActivity"
77-->src\main\AndroidManifest.xml:66:13-54
78            android:exported="false"
78-->src\main\AndroidManifest.xml:68:13-37
79            android:label="注册" />
79-->src\main\AndroidManifest.xml:67:13-31
80
81        <service
81-->[androidx.room:room-runtime:2.6.1] AndroidManifest.xml:24:9-28:63
82            android:name="androidx.room.MultiInstanceInvalidationService"
82-->[androidx.room:room-runtime:2.6.1] AndroidManifest.xml:25:13-74
83            android:directBootAware="true"
83-->[androidx.room:room-runtime:2.6.1] AndroidManifest.xml:26:13-43
84            android:exported="false" />
84-->[androidx.room:room-runtime:2.6.1] AndroidManifest.xml:27:13-37
85
86        <provider
86-->[androidx.emoji2:emoji2:1.2.0] AndroidManifest.xml:24:9-32:20
87            android:name="androidx.startup.InitializationProvider"
87-->[androidx.emoji2:emoji2:1.2.0] AndroidManifest.xml:25:13-67
88            android:authorities="com.example.forkchat.androidx-startup"
88-->[androidx.emoji2:emoji2:1.2.0] AndroidManifest.xml:26:13-68
89            android:exported="false" >
89-->[androidx.emoji2:emoji2:1.2.0] AndroidManifest.xml:27:13-37
90            <meta-data
90-->[androidx.emoji2:emoji2:1.2.0] AndroidManifest.xml:29:13-31:52
91                android:name="androidx.emoji2.text.EmojiCompatInitializer"
91-->[androidx.emoji2:emoji2:1.2.0] AndroidManifest.xml:30:17-75
92                android:value="androidx.startup" />
92-->[androidx.emoji2:emoji2:1.2.0] AndroidManifest.xml:31:17-49
93            <meta-data
93-->[androidx.lifecycle:lifecycle-process:2.9.4] AndroidManifest.xml:29:13-31:52
94                android:name="androidx.lifecycle.ProcessLifecycleInitializer"
94-->[androidx.lifecycle:lifecycle-process:2.9.4] AndroidManifest.xml:30:17-78
95                android:value="androidx.startup" />
95-->[androidx.lifecycle:lifecycle-process:2.9.4] AndroidManifest.xml:31:17-49
96            <meta-data
96-->[androidx.profileinstaller:profileinstaller:1.4.0] AndroidManifest.xml:29:13-31:52
97                android:name="androidx.profileinstaller.ProfileInstallerInitializer"
97-->[androidx.profileinstaller:profileinstaller:1.4.0] AndroidManifest.xml:30:17-85
98                android:value="androidx.startup" />
98-->[androidx.profileinstaller:profileinstaller:1.4.0] AndroidManifest.xml:31:17-49
99        </provider>
100
101        <uses-library
101-->[androidx.window:window:1.0.0] AndroidManifest.xml:25:9-27:40
102            android:name="androidx.window.extensions"
102-->[androidx.window:window:1.0.0] AndroidManifest.xml:26:13-54
103            android:required="false" />
103-->[androidx.window:window:1.0.0] AndroidManifest.xml:27:13-37
104        <uses-library
104-->[androidx.window:window:1.0.0] AndroidManifest.xml:28:9-30:40
105            android:name="androidx.window.sidecar"
105-->[androidx.window:window:1.0.0] AndroidManifest.xml:29:13-51
106            android:required="false" />
106-->[androidx.window:window:1.0.0] AndroidManifest.xml:30:13-37
107
108        <receiver
108-->[androidx.profileinstaller:profileinstaller:1.4.0] AndroidManifest.xml:34:9-52:20
109            android:name="androidx.profileinstaller.ProfileInstallReceiver"
109-->[androidx.profileinstaller:profileinstaller:1.4.0] AndroidManifest.xml:35:13-76
110            android:directBootAware="false"
110-->[androidx.profileinstaller:profileinstaller:1.4.0] AndroidManifest.xml:36:13-44
111            android:enabled="true"
111-->[androidx.profileinstaller:profileinstaller:1.4.0] AndroidManifest.xml:37:13-35
112            android:exported="true"
112-->[androidx.profileinstaller:profileinstaller:1.4.0] AndroidManifest.xml:38:13-36
113            android:permission="android.permission.DUMP" >
113-->[androidx.profileinstaller:profileinstaller:1.4.0] AndroidManifest.xml:39:13-57
114            <intent-filter>
114-->[androidx.profileinstaller:profileinstaller:1.4.0] AndroidManifest.xml:40:13-42:29
115                <action android:name="androidx.profileinstaller.action.INSTALL_PROFILE" />
115-->[androidx.profileinstaller:profileinstaller:1.4.0] AndroidManifest.xml:41:17-91
115-->[androidx.profileinstaller:profileinstaller:1.4.0] AndroidManifest.xml:41:25-88
116            </intent-filter>
117            <intent-filter>
117-->[androidx.profileinstaller:profileinstaller:1.4.0] AndroidManifest.xml:43:13-45:29
118                <action android:name="androidx.profileinstaller.action.SKIP_FILE" />
118-->[androidx.profileinstaller:profileinstaller:1.4.0] AndroidManifest.xml:44:17-85
118-->[androidx.profileinstaller:profileinstaller:1.4.0] AndroidManifest.xml:44:25-82
119            </intent-filter>
120            <intent-filter>
120-->[androidx.profileinstaller:profileinstaller:1.4.0] AndroidManifest.xml:46:13-48:29
121                <action android:name="androidx.profileinstaller.action.SAVE_PROFILE" />
121-->[androidx.profileinstaller:profileinstaller:1.4.0] AndroidManifest.xml:47:17-88
121-->[androidx.profileinstaller:profileinstaller:1.4.0] AndroidManifest.xml:47:25-85
122            </intent-filter>
123            <intent-filter>
123-->[androidx.profileinstaller:profileinstaller:1.4.0] AndroidManifest.xml:49:13-51:29
124                <action android:name="androidx.profileinstaller.action.BENCHMARK_OPERATION" />
124-->[androidx.profileinstaller:profileinstaller:1.4.0] AndroidManifest.xml:50:17-95
124-->[androidx.profileinstaller:profileinstaller:1.4.0] AndroidManifest.xml:50:25-92
125            </intent-filter>
126        </receiver>
127    </application>
128
129</manifest>